mode: set
github.com/emilybache/gildedrose-refactoring-kata/gildedrose/gildedrose.go:18.35,19.29 1 1
github.com/emilybache/gildedrose-refactoring-kata/gildedrose/gildedrose.go:19.29,20.28 1 1
github.com/emilybache/gildedrose-refactoring-kata/gildedrose/gildedrose.go:20.28,22.4 1 1
github.com/emilybache/gildedrose-refactoring-kata/gildedrose/gildedrose.go:23.3,24.22 2 1
github.com/emilybache/gildedrose-refactoring-kata/gildedrose/gildedrose.go:24.22,26.4 1 1
github.com/emilybache/gildedrose-refactoring-kata/gildedrose/gildedrose.go:30.36,31.50 1 1
github.com/emilybache/gildedrose-refactoring-kata/gildedrose/gildedrose.go:31.50,32.20 1 1
github.com/emilybache/gildedrose-refactoring-kata/gildedrose/gildedrose.go:33.23,34.39 1 1
github.com/emilybache/gildedrose-refactoring-kata/gildedrose/gildedrose.go:35.11,36.29 1 1
github.com/emilybache/gildedrose-refactoring-kata/gildedrose/gildedrose.go:36.29,38.5 1 1
github.com/emilybache/gildedrose-refactoring-kata/gildedrose/gildedrose.go:40.8,42.28 2 1
github.com/emilybache/gildedrose-refactoring-kata/gildedrose/gildedrose.go:42.28,44.4 1 1
github.com/emilybache/gildedrose-refactoring-kata/gildedrose/gildedrose.go:45.3,45.40 1 1
github.com/emilybache/gildedrose-refactoring-kata/gildedrose/gildedrose.go:49.36,50.51 1 1
github.com/emilybache/gildedrose-refactoring-kata/gildedrose/gildedrose.go:50.51,52.28 2 1
github.com/emilybache/gildedrose-refactoring-kata/gildedrose/gildedrose.go:52.28,54.4 1 1
github.com/emilybache/gildedrose-refactoring-kata/gildedrose/gildedrose.go:55.3,55.40 1 1
github.com/emilybache/gildedrose-refactoring-kata/gildedrose/gildedrose.go:56.8,56.40 1 1
github.com/emilybache/gildedrose-refactoring-kata/gildedrose/gildedrose.go:56.40,58.3 1 1
github.com/emilybache/gildedrose-refactoring-kata/gildedrose/gildedrose.go:61.48,62.9 1 1
github.com/emilybache/gildedrose-refactoring-kata/gildedrose/gildedrose.go:63.23,64.19 1 1
github.com/emilybache/gildedrose-refactoring-kata/gildedrose/gildedrose.go:65.24,66.28 1 1
github.com/emilybache/gildedrose-refactoring-kata/gildedrose/gildedrose.go:67.25,68.28 1 1
github.com/emilybache/gildedrose-refactoring-kata/gildedrose/gildedrose.go:69.10,70.28 1 1
github.com/emilybache/gildedrose-refactoring-kata/gildedrose/gildedrose.go:74.56,75.34 1 1
github.com/emilybache/gildedrose-refactoring-kata/gildedrose/gildedrose.go:75.34,77.3 1 1
github.com/emilybache/gildedrose-refactoring-kata/gildedrose/gildedrose.go:77.8,79.3 1 1
github.com/emilybache/gildedrose-refactoring-kata/gildedrose/gildedrose.go:82.56,83.51 1 1
github.com/emilybache/gildedrose-refactoring-kata/gildedrose/gildedrose.go:83.51,85.3 1 1
github.com/emilybache/gildedrose-refactoring-kata/gildedrose/gildedrose.go:85.8,88.3 2 1
github.com/emilybache/gildedrose-refactoring-kata/gildedrose/gildedrose.go:91.54,92.29 1 1
github.com/emilybache/gildedrose-refactoring-kata/gildedrose/gildedrose.go:92.29,93.18 1 1
github.com/emilybache/gildedrose-refactoring-kata/gildedrose/gildedrose.go:93.18,95.4 1 1
github.com/emilybache/gildedrose-refactoring-kata/gildedrose/gildedrose.go:97.2,97.14 1 1
